0 info it worked if it ends with ok
1 verbose cli [ 'D:\\Program Files (x86)\\nodejs\\node.exe',
1 verbose cli   'D:\\Program Files (x86)\\nodejs\\node_modules\\npm\\bin\\npm-cli.js',
1 verbose cli   'run',
1 verbose cli   'DEV' ]
2 info using npm@3.10.10
3 info using node@v6.11.2
4 verbose run-script [ 'preDEV', 'DEV', 'postDEV' ]
5 info lifecycle webbbs.server@~preDEV: webbbs.server@
6 silly lifecycle webbbs.server@~preDEV: no script for preDEV, continuing
7 info lifecycle webbbs.server@~DEV: webbbs.server@
8 verbose lifecycle webbbs.server@~DEV: unsafe-perm in lifecycle true
9 verbose lifecycle webbbs.server@~DEV: PATH: D:\Program Files (x86)\nodejs\node_modules\npm\bin\node-gyp-bin;D:\webbbs\servers\node_modules\.bin;C:\Windows\system32;C:\Windows;C:\Windows\System32\Wbem;C:\Windows\System32\WindowsPowerShell\v1.0\;C:\Program Files (x86)\NVIDIA Corporation\PhysX\Common;D:\Program Files (x86)\nodejs\;C:\Users\Administrator\AppData\Roaming\npm
10 verbose lifecycle webbbs.server@~DEV: CWD: D:\webbbs\servers
11 silly lifecycle webbbs.server@~DEV: Args: [ '/d /s /c', 'node app' ]
12 silly lifecycle webbbs.server@~DEV: Returned: code: 1  signal: null
13 info lifecycle webbbs.server@~DEV: Failed to exec DEV script
14 verbose stack Error: webbbs.server@ DEV: `node app`
14 verbose stack Exit status 1
14 verbose stack     at EventEmitter.<anonymous> (D:\Program Files (x86)\nodejs\node_modules\npm\lib\utils\lifecycle.js:255:16)
14 verbose stack     at emitTwo (events.js:106:13)
14 verbose stack     at EventEmitter.emit (events.js:191:7)
14 verbose stack     at ChildProcess.<anonymous> (D:\Program Files (x86)\nodejs\node_modules\npm\lib\utils\spawn.js:40:14)
14 verbose stack     at emitTwo (events.js:106:13)
14 verbose stack     at ChildProcess.emit (events.js:191:7)
14 verbose stack     at maybeClose (internal/child_process.js:891:16)
14 verbose stack     at Process.ChildProcess._handle.onexit (internal/child_process.js:226:5)
15 verbose pkgid webbbs.server@
16 verbose cwd D:\webbbs\servers
17 error Windows_NT 6.1.7601
18 error argv "D:\\Program Files (x86)\\nodejs\\node.exe" "D:\\Program Files (x86)\\nodejs\\node_modules\\npm\\bin\\npm-cli.js" "run" "DEV"
19 error node v6.11.2
20 error npm  v3.10.10
21 error code ELIFECYCLE
22 error webbbs.server@ DEV: `node app`
22 error Exit status 1
23 error Failed at the webbbs.server@ DEV script 'node app'.
23 error Make sure you have the latest version of node.js and npm installed.
23 error If you do, this is most likely a problem with the webbbs.server package,
23 error not with npm itself.
23 error Tell the author that this fails on your system:
23 error     node app
23 error You can get information on how to open an issue for this project with:
23 error     npm bugs webbbs.server
23 error Or if that isn't available, you can get their info via:
23 error     npm owner ls webbbs.server
23 error There is likely additional logging output above.
24 verbose exit [ 1, true ]
